c:\users\wafiq\documents\visual studio 2015\projects\cppwinform2\cppwinform2\release\vc140.pdb
c:\users\wafiq\documents\visual studio 2015\projects\cppwinform2\cppwinform2\release\myform1.obj
c:\users\wafiq\documents\visual studio 2015\projects\cppwinform2\cppwinform2\release\myform.obj
c:\users\wafiq\documents\visual studio 2015\projects\cppwinform2\cppwinform2\release\.netframework,version=v4.5.2.assemblyattributes.obj
c:\users\wafiq\documents\visual studio 2015\projects\cppwinform2\cppwinform2\release\.netframework,version=v4.5.2.assemblyattributes.asm
c:\users\wafiq\documents\visual studio 2015\projects\cppwinform2\cppwinform2\release\cppwinform2.myform.resources
c:\users\wafiq\documents\visual studio 2015\projects\cppwinform2\cppwinform2\release\cppwinform2.myform1.resources
c:\users\wafiq\documents\visual studio 2015\projects\cppwinform2\cppwinform2\release\cppwinform2.res
c:\users\wafiq\documents\visual studio 2015\projects\cppwinform2\cppwinform2\release\cppwinform2.vcxproj.generateresource.cache
c:\users\wafiq\documents\visual studio 2015\projects\cppwinform2\cppwinform2\release\cppwinform2.vcxprojresolveassemblyreference.cache
c:\users\wafiq\documents\visual studio 2015\projects\cppwinform2\cppwinform2\release\cppwinform2.tlog\cl.command.1.tlog
c:\users\wafiq\documents\visual studio 2015\projects\cppwinform2\cppwinform2\release\cppwinform2.tlog\cl.read.1.tlog
c:\users\wafiq\documents\visual studio 2015\projects\cppwinform2\cppwinform2\release\cppwinform2.tlog\cl.write.1.tlog
c:\users\wafiq\documents\visual studio 2015\projects\cppwinform2\cppwinform2\release\cppwinform2.tlog\cppwinform2.write.1u.tlog
c:\users\wafiq\documents\visual studio 2015\projects\cppwinform2\cppwinform2\release\cppwinform2.tlog\link.12244.read.1.tlog
c:\users\wafiq\documents\visual studio 2015\projects\cppwinform2\cppwinform2\release\cppwinform2.tlog\link.12244.write.1.tlog
c:\users\wafiq\documents\visual studio 2015\projects\cppwinform2\cppwinform2\release\cppwinform2.tlog\link.command.1.tlog
c:\users\wafiq\documents\visual studio 2015\projects\cppwinform2\cppwinform2\release\cppwinform2.tlog\link.read.1.tlog
c:\users\wafiq\documents\visual studio 2015\projects\cppwinform2\cppwinform2\release\cppwinform2.tlog\link.write.1.tlog
c:\users\wafiq\documents\visual studio 2015\projects\cppwinform2\cppwinform2\release\cppwinform2.tlog\metagen.read.1.tlog
c:\users\wafiq\documents\visual studio 2015\projects\cppwinform2\cppwinform2\release\cppwinform2.tlog\metagen.write.1.tlog
c:\users\wafiq\documents\visual studio 2015\projects\cppwinform2\cppwinform2\release\cppwinform2.tlog\rc.command.1.tlog
c:\users\wafiq\documents\visual studio 2015\projects\cppwinform2\cppwinform2\release\cppwinform2.tlog\rc.read.1.tlog
c:\users\wafiq\documents\visual studio 2015\projects\cppwinform2\cppwinform2\release\cppwinform2.tlog\rc.write.1.tlog
c:\users\wafiq\documents\visual studio 2015\projects\cppwinform2\cppwinform2\release\cppwinform2.tlog\tzres.dll.bi
